1513366700375:help
1513366711633:ping --host google.com
1513367112976:ping google.com
1513367138387:ping --host googlelcom
1513367888726:outputdir
1513368002587:ping --host google.com
1513369625661:show-project-properties
1513369679851:help
1513369683619:outputdir
1513369700555:create-app
1513369706045:stacktrace
1513369798283:create-app
1513369948976:[A
1513369950297:create-app
1513370160841:[A
1513370166172:create-app
1513373805228:kukulkan --file kukulkancraftsman.log
1513373812810:kukulkan --file .gitignore
1513373818381:kukulkan --file pom.xml
1513373996878:kukulkan
1513374007429:kukulkan --file pom.xml
1513375142154:exit
1513375214758:kukulkan --file test.3k
1513375225913:create-app --file test.3k
1513375282835:exit
1513375325444:create-app --file test.3k
1513376920442:create-app -file
1513376925007:create-app
1513377448380:create-app --file k
1513379876481:ping --host google.com
1513383425040:create-app --file test.3k
1513383498501:ls -ltra
1513383520807:help
1513383529385:
1513383536491:help --command
1513383540053:stacktrace
