1513226309541:kskk
1513226312662:elementos
1513226689616:d
1513226692832:hello
1513226694756:dd
1513226696144:dddd
1513226696892:d
1513226697816:ddd
1513226697944:d
1513227116932:ls -ltra
1513227118101:lls
1513227122526:help
1513227127925:clear
1513227129509:exit
1513227972256:heop
1513227974455:j
1513227978178:help
1513227988835:translate --text hila
1513228032622:help
1513228038735:translate
1513229287220:ls -lr
1513229288539:ls -tlra
1513229295131:help
1513229313755:help --command quit
1513229329727:help
1513229430108:stacktrace
1513229434015:kkd
1513229436288:stacktrace
1513229859859:d
1513229861695:date
1513229867807:help
1513230088260:kpe
1513230089828:l
1513230089980:elhp
1513230092265:e
1513230095484:l
1513230095636:hp
1513230100444:he
1513230106704:a
1513230258461:help
1513230261101:date
1513230263825:archetypes
1513231268048:help
1513231276113:info
1513231279966:archetypes
1513231288134:contact
1513231292734:copyright
1513232751257:archetype
1513232770395:help
1513232776116:archetype
1513232782416:archetypes
1513233524855:r
1513233537300:archetypes
